Fri Jun 03 2016 09:51:11 GMT+0700 (SE Asia Standard Time) : Not Found
Status: 404
Error: Not Found
    at D:\NodeJS\CV-Builder\app.js:66:15
    at Layer.handle [as handle_request] (D:\NodeJS\CV-Builder\node_modules\express\lib\router\layer.js:95:5)
    at trim_prefix (D:\NodeJS\CV-Builder\node_modules\express\lib\router\index.js:312:13)
    at D:\NodeJS\CV-Builder\node_modules\express\lib\router\index.js:280:7
    at Function.process_params (D:\NodeJS\CV-Builder\node_modules\express\lib\router\index.js:330:12)
    at next (D:\NodeJS\CV-Builder\node_modules\express\lib\router\index.js:271:10)
    at cookieParser (D:\NodeJS\CV-Builder\node_modules\cookie-parser\index.js:48:5)
    at Layer.handle [as handle_request] (D:\NodeJS\CV-Builder\node_modules\express\lib\router\layer.js:95:5)
    at trim_prefix (D:\NodeJS\CV-Builder\node_modules\express\lib\router\index.js:312:13)
    at D:\NodeJS\CV-Builder\node_modules\express\lib\router\index.js:280:7
-----
Fri Jun 03 2016 09:56:18 GMT+0700 (SE Asia Standard Time) : Not Found
Status: 404
Error: Not Found
    at D:\NodeJS\CV-Builder\app.js:66:15
    at Layer.handle [as handle_request] (D:\NodeJS\CV-Builder\node_modules\express\lib\router\layer.js:95:5)
    at trim_prefix (D:\NodeJS\CV-Builder\node_modules\express\lib\router\index.js:312:13)
    at D:\NodeJS\CV-Builder\node_modules\express\lib\router\index.js:280:7
    at Function.process_params (D:\NodeJS\CV-Builder\node_modules\express\lib\router\index.js:330:12)
    at next (D:\NodeJS\CV-Builder\node_modules\express\lib\router\index.js:271:10)
    at cookieParser (D:\NodeJS\CV-Builder\node_modules\cookie-parser\index.js:48:5)
    at Layer.handle [as handle_request] (D:\NodeJS\CV-Builder\node_modules\express\lib\router\layer.js:95:5)
    at trim_prefix (D:\NodeJS\CV-Builder\node_modules\express\lib\router\index.js:312:13)
    at D:\NodeJS\CV-Builder\node_modules\express\lib\router\index.js:280:7
-----
Fri Jun 03 2016 10:19:34 GMT+0700 (SE Asia Standard Time) : Not Found
Status: 404
Error: Not Found
    at D:\NodeJS\CV-Builder\app.js:66:15
    at Layer.handle [as handle_request] (D:\NodeJS\CV-Builder\node_modules\express\lib\router\layer.js:95:5)
    at trim_prefix (D:\NodeJS\CV-Builder\node_modules\express\lib\router\index.js:312:13)
    at D:\NodeJS\CV-Builder\node_modules\express\lib\router\index.js:280:7
    at Function.process_params (D:\NodeJS\CV-Builder\node_modules\express\lib\router\index.js:330:12)
    at next (D:\NodeJS\CV-Builder\node_modules\express\lib\router\index.js:271:10)
    at cookieParser (D:\NodeJS\CV-Builder\node_modules\cookie-parser\index.js:48:5)
    at Layer.handle [as handle_request] (D:\NodeJS\CV-Builder\node_modules\express\lib\router\layer.js:95:5)
    at trim_prefix (D:\NodeJS\CV-Builder\node_modules\express\lib\router\index.js:312:13)
    at D:\NodeJS\CV-Builder\node_modules\express\lib\router\index.js:280:7
-----
Fri Jun 03 2016 11:04:34 GMT+0700 (SE Asia Standard Time) : Not Found
Status: 404
Error: Not Found
    at D:\NodeJS\CV-Builder\app.js:66:15
    at Layer.handle [as handle_request] (D:\NodeJS\CV-Builder\node_modules\express\lib\router\layer.js:95:5)
    at trim_prefix (D:\NodeJS\CV-Builder\node_modules\express\lib\router\index.js:312:13)
    at D:\NodeJS\CV-Builder\node_modules\express\lib\router\index.js:280:7
    at Function.process_params (D:\NodeJS\CV-Builder\node_modules\express\lib\router\index.js:330:12)
    at next (D:\NodeJS\CV-Builder\node_modules\express\lib\router\index.js:271:10)
    at cookieParser (D:\NodeJS\CV-Builder\node_modules\cookie-parser\index.js:48:5)
    at Layer.handle [as handle_request] (D:\NodeJS\CV-Builder\node_modules\express\lib\router\layer.js:95:5)
    at trim_prefix (D:\NodeJS\CV-Builder\node_modules\express\lib\router\index.js:312:13)
    at D:\NodeJS\CV-Builder\node_modules\express\lib\router\index.js:280:7
-----
Fri Jun 03 2016 11:05:04 GMT+0700 (SE Asia Standard Time) : Not Found
Status: 404
Error: Not Found
    at D:\NodeJS\CV-Builder\app.js:66:15
    at Layer.handle [as handle_request] (D:\NodeJS\CV-Builder\node_modules\express\lib\router\layer.js:95:5)
    at trim_prefix (D:\NodeJS\CV-Builder\node_modules\express\lib\router\index.js:312:13)
    at D:\NodeJS\CV-Builder\node_modules\express\lib\router\index.js:280:7
    at Function.process_params (D:\NodeJS\CV-Builder\node_modules\express\lib\router\index.js:330:12)
    at next (D:\NodeJS\CV-Builder\node_modules\express\lib\router\index.js:271:10)
    at cookieParser (D:\NodeJS\CV-Builder\node_modules\cookie-parser\index.js:48:5)
    at Layer.handle [as handle_request] (D:\NodeJS\CV-Builder\node_modules\express\lib\router\layer.js:95:5)
    at trim_prefix (D:\NodeJS\CV-Builder\node_modules\express\lib\router\index.js:312:13)
    at D:\NodeJS\CV-Builder\node_modules\express\lib\router\index.js:280:7
-----
Fri Jun 03 2016 11:52:32 GMT+0700 (SE Asia Standard Time) : Not Found
Status: 404
Error: Not Found
    at D:\NodeJS\CV-Builder\app.js:66:15
    at Layer.handle [as handle_request] (D:\NodeJS\CV-Builder\node_modules\express\lib\router\layer.js:95:5)
    at trim_prefix (D:\NodeJS\CV-Builder\node_modules\express\lib\router\index.js:312:13)
    at D:\NodeJS\CV-Builder\node_modules\express\lib\router\index.js:280:7
    at Function.process_params (D:\NodeJS\CV-Builder\node_modules\express\lib\router\index.js:330:12)
    at next (D:\NodeJS\CV-Builder\node_modules\express\lib\router\index.js:271:10)
    at cookieParser (D:\NodeJS\CV-Builder\node_modules\cookie-parser\index.js:48:5)
    at Layer.handle [as handle_request] (D:\NodeJS\CV-Builder\node_modules\express\lib\router\layer.js:95:5)
    at trim_prefix (D:\NodeJS\CV-Builder\node_modules\express\lib\router\index.js:312:13)
    at D:\NodeJS\CV-Builder\node_modules\express\lib\router\index.js:280:7
-----
Fri Jun 03 2016 11:56:01 GMT+0700 (SE Asia Standard Time) : Not Found
Status: 404
Error: Not Found
    at D:\NodeJS\CV-Builder\app.js:66:15
    at Layer.handle [as handle_request] (D:\NodeJS\CV-Builder\node_modules\express\lib\router\layer.js:95:5)
    at trim_prefix (D:\NodeJS\CV-Builder\node_modules\express\lib\router\index.js:312:13)
    at D:\NodeJS\CV-Builder\node_modules\express\lib\router\index.js:280:7
    at Function.process_params (D:\NodeJS\CV-Builder\node_modules\express\lib\router\index.js:330:12)
    at next (D:\NodeJS\CV-Builder\node_modules\express\lib\router\index.js:271:10)
    at cookieParser (D:\NodeJS\CV-Builder\node_modules\cookie-parser\index.js:48:5)
    at Layer.handle [as handle_request] (D:\NodeJS\CV-Builder\node_modules\express\lib\router\layer.js:95:5)
    at trim_prefix (D:\NodeJS\CV-Builder\node_modules\express\lib\router\index.js:312:13)
    at D:\NodeJS\CV-Builder\node_modules\express\lib\router\index.js:280:7
-----
Fri Jun 03 2016 11:57:10 GMT+0700 (SE Asia Standard Time) : Not Found
Status: 404
Error: Not Found
    at D:\NodeJS\CV-Builder\app.js:66:15
    at Layer.handle [as handle_request] (D:\NodeJS\CV-Builder\node_modules\express\lib\router\layer.js:95:5)
    at trim_prefix (D:\NodeJS\CV-Builder\node_modules\express\lib\router\index.js:312:13)
    at D:\NodeJS\CV-Builder\node_modules\express\lib\router\index.js:280:7
    at Function.process_params (D:\NodeJS\CV-Builder\node_modules\express\lib\router\index.js:330:12)
    at next (D:\NodeJS\CV-Builder\node_modules\express\lib\router\index.js:271:10)
    at cookieParser (D:\NodeJS\CV-Builder\node_modules\cookie-parser\index.js:48:5)
    at Layer.handle [as handle_request] (D:\NodeJS\CV-Builder\node_modules\express\lib\router\layer.js:95:5)
    at trim_prefix (D:\NodeJS\CV-Builder\node_modules\express\lib\router\index.js:312:13)
    at D:\NodeJS\CV-Builder\node_modules\express\lib\router\index.js:280:7
-----
Fri Jun 03 2016 11:57:15 GMT+0700 (SE Asia Standard Time) : Not Found
Status: 404
Error: Not Found
    at D:\NodeJS\CV-Builder\app.js:66:15
    at Layer.handle [as handle_request] (D:\NodeJS\CV-Builder\node_modules\express\lib\router\layer.js:95:5)
    at trim_prefix (D:\NodeJS\CV-Builder\node_modules\express\lib\router\index.js:312:13)
    at D:\NodeJS\CV-Builder\node_modules\express\lib\router\index.js:280:7
    at Function.process_params (D:\NodeJS\CV-Builder\node_modules\express\lib\router\index.js:330:12)
    at next (D:\NodeJS\CV-Builder\node_modules\express\lib\router\index.js:271:10)
    at cookieParser (D:\NodeJS\CV-Builder\node_modules\cookie-parser\index.js:48:5)
    at Layer.handle [as handle_request] (D:\NodeJS\CV-Builder\node_modules\express\lib\router\layer.js:95:5)
    at trim_prefix (D:\NodeJS\CV-Builder\node_modules\express\lib\router\index.js:312:13)
    at D:\NodeJS\CV-Builder\node_modules\express\lib\router\index.js:280:7
-----
Fri Jun 03 2016 11:58:58 GMT+0700 (SE Asia Standard Time) : Not Found
Status: 404
Error: Not Found
    at D:\NodeJS\CV-Builder\app.js:66:15
    at Layer.handle [as handle_request] (D:\NodeJS\CV-Builder\node_modules\express\lib\router\layer.js:95:5)
    at trim_prefix (D:\NodeJS\CV-Builder\node_modules\express\lib\router\index.js:312:13)
    at D:\NodeJS\CV-Builder\node_modules\express\lib\router\index.js:280:7
    at Function.process_params (D:\NodeJS\CV-Builder\node_modules\express\lib\router\index.js:330:12)
    at next (D:\NodeJS\CV-Builder\node_modules\express\lib\router\index.js:271:10)
    at cookieParser (D:\NodeJS\CV-Builder\node_modules\cookie-parser\index.js:48:5)
    at Layer.handle [as handle_request] (D:\NodeJS\CV-Builder\node_modules\express\lib\router\layer.js:95:5)
    at trim_prefix (D:\NodeJS\CV-Builder\node_modules\express\lib\router\index.js:312:13)
    at D:\NodeJS\CV-Builder\node_modules\express\lib\router\index.js:280:7
-----
Fri Jun 03 2016 12:04:09 GMT+0700 (SE Asia Standard Time) : Not Found
Status: 404
Error: Not Found
    at D:\NodeJS\CV-Builder\app.js:66:15
    at Layer.handle [as handle_request] (D:\NodeJS\CV-Builder\node_modules\express\lib\router\layer.js:95:5)
    at trim_prefix (D:\NodeJS\CV-Builder\node_modules\express\lib\router\index.js:312:13)
    at D:\NodeJS\CV-Builder\node_modules\express\lib\router\index.js:280:7
    at Function.process_params (D:\NodeJS\CV-Builder\node_modules\express\lib\router\index.js:330:12)
    at next (D:\NodeJS\CV-Builder\node_modules\express\lib\router\index.js:271:10)
    at cookieParser (D:\NodeJS\CV-Builder\node_modules\cookie-parser\index.js:48:5)
    at Layer.handle [as handle_request] (D:\NodeJS\CV-Builder\node_modules\express\lib\router\layer.js:95:5)
    at trim_prefix (D:\NodeJS\CV-Builder\node_modules\express\lib\router\index.js:312:13)
    at D:\NodeJS\CV-Builder\node_modules\express\lib\router\index.js:280:7
-----
Fri Jun 03 2016 12:07:34 GMT+0700 (SE Asia Standard Time) : Not Found
Status: 404
Error: Not Found
    at D:\NodeJS\CV-Builder\app.js:66:15
    at Layer.handle [as handle_request] (D:\NodeJS\CV-Builder\node_modules\express\lib\router\layer.js:95:5)
    at trim_prefix (D:\NodeJS\CV-Builder\node_modules\express\lib\router\index.js:312:13)
    at D:\NodeJS\CV-Builder\node_modules\express\lib\router\index.js:280:7
    at Function.process_params (D:\NodeJS\CV-Builder\node_modules\express\lib\router\index.js:330:12)
    at next (D:\NodeJS\CV-Builder\node_modules\express\lib\router\index.js:271:10)
    at cookieParser (D:\NodeJS\CV-Builder\node_modules\cookie-parser\index.js:48:5)
    at Layer.handle [as handle_request] (D:\NodeJS\CV-Builder\node_modules\express\lib\router\layer.js:95:5)
    at trim_prefix (D:\NodeJS\CV-Builder\node_modules\express\lib\router\index.js:312:13)
    at D:\NodeJS\CV-Builder\node_modules\express\lib\router\index.js:280:7
-----
Fri Jun 03 2016 12:11:20 GMT+0700 (SE Asia Standard Time) : Not Found
Status: 404
Error: Not Found
    at D:\NodeJS\CV-Builder\app.js:66:15
    at Layer.handle [as handle_request] (D:\NodeJS\CV-Builder\node_modules\express\lib\router\layer.js:95:5)
    at trim_prefix (D:\NodeJS\CV-Builder\node_modules\express\lib\router\index.js:312:13)
    at D:\NodeJS\CV-Builder\node_modules\express\lib\router\index.js:280:7
    at Function.process_params (D:\NodeJS\CV-Builder\node_modules\express\lib\router\index.js:330:12)
    at next (D:\NodeJS\CV-Builder\node_modules\express\lib\router\index.js:271:10)
    at cookieParser (D:\NodeJS\CV-Builder\node_modules\cookie-parser\index.js:48:5)
    at Layer.handle [as handle_request] (D:\NodeJS\CV-Builder\node_modules\express\lib\router\layer.js:95:5)
    at trim_prefix (D:\NodeJS\CV-Builder\node_modules\express\lib\router\index.js:312:13)
    at D:\NodeJS\CV-Builder\node_modules\express\lib\router\index.js:280:7
-----
